0 info it worked if it ends with ok
1 verbose cli [ '/usr/bin/node', '/usr/bin/npm', 'install', '-g', 'goo.gl' ]
2 info using npm@1.4.28
3 info using node@v0.10.32
4 verbose node symlink /usr/bin/node
5 verbose cache add [ 'goo.gl', null ]
6 verbose cache add name=undefined spec="goo.gl" args=["goo.gl",null]
7 verbose parsed url { protocol: null,
7 verbose parsed url   slashes: null,
7 verbose parsed url   auth: null,
7 verbose parsed url   host: null,
7 verbose parsed url   port: null,
7 verbose parsed url   hostname: null,
7 verbose parsed url   hash: null,
7 verbose parsed url   search: null,
7 verbose parsed url   query: null,
7 verbose parsed url   pathname: 'goo.gl',
7 verbose parsed url   path: 'goo.gl',
7 verbose parsed url   href: 'goo.gl' }
8 silly lockFile 50ed7453-goo-gl goo.gl
9 verbose lock goo.gl /home/richard/.npm/50ed7453-goo-gl.lock
10 silly lockFile 50ed7453-goo-gl goo.gl
11 silly lockFile 50ed7453-goo-gl goo.gl
12 verbose addNamed [ 'goo.gl', '' ]
13 verbose addNamed [ null, '*' ]
14 silly lockFile f9d98681-goo-gl goo.gl@
15 verbose lock goo.gl@ /home/richard/.npm/f9d98681-goo-gl.lock
16 silly addNameRange { name: 'goo.gl', range: '*', hasData: false }
17 verbose request where is /goo.gl
18 verbose request registry https://registry.npmjs.org/
19 verbose request id 8bcae5d075d1af07
20 verbose url raw /goo.gl
21 verbose url resolving [ 'https://registry.npmjs.org/', './goo.gl' ]
22 verbose url resolved https://registry.npmjs.org/goo.gl
23 verbose request where is https://registry.npmjs.org/goo.gl
24 info trying registry request attempt 1 at 01:52:28
25 http GET https://registry.npmjs.org/goo.gl
26 http 200 https://registry.npmjs.org/goo.gl
27 silly registry.get cb [ 200,
27 silly registry.get   { date: 'Sun, 26 Oct 2014 14:49:38 GMT',
27 silly registry.get     server: 'CouchDB/1.5.0 (Erlang OTP/R16B03)',
27 silly registry.get     etag: '"398QW5ASXZZ4C2Q58YGG8JKA3"',
27 silly registry.get     'content-type': 'application/json',
27 silly registry.get     'cache-control': 'max-age=60',
27 silly registry.get     'content-length': '5722',
27 silly registry.get     'accept-ranges': 'bytes',
27 silly registry.get     via: '1.1 varnish',
27 silly registry.get     age: '0',
27 silly registry.get     'x-served-by': 'cache-ty66-TYO',
27 silly registry.get     'x-cache': 'MISS',
27 silly registry.get     'x-cache-hits': '0',
27 silly registry.get     'x-timer': 'S1414334977.476657,VS0,VE524',
27 silly registry.get     vary: 'Accept',
27 silly registry.get     'keep-alive': 'timeout=10, max=50',
27 silly registry.get     connection: 'Keep-Alive' } ]
28 silly addNameRange number 2 { name: 'goo.gl', range: '*', hasData: true }
29 silly addNameRange versions [ 'goo.gl', [ '0.0.1', '0.0.2', '0.1.2' ] ]
30 verbose addNamed [ 'goo.gl', '0.1.2' ]
31 verbose addNamed [ '0.1.2', '0.1.2' ]
32 silly lockFile 3c025ce4-goo-gl-0-1-2 goo.gl@0.1.2
33 verbose lock goo.gl@0.1.2 /home/richard/.npm/3c025ce4-goo-gl-0-1-2.lock
34 silly lockFile 025acc2c-pmjs-org-goo-gl-goo-gl-0-1-2-tgz https://registry.npmjs.org/goo.gl/-/goo.gl-0.1.2.tgz
35 verbose lock https://registry.npmjs.org/goo.gl/-/goo.gl-0.1.2.tgz /home/richard/.npm/025acc2c-pmjs-org-goo-gl-goo-gl-0-1-2-tgz.lock
36 verbose addRemoteTarball [ 'https://registry.npmjs.org/goo.gl/-/goo.gl-0.1.2.tgz',
36 verbose addRemoteTarball   '8a9683ca0f6f8c56144dc026870e025b3c8eec1a' ]
37 info retry fetch attempt 1 at 01:52:29
38 verbose fetch to= /tmp/npm-26633-t5gF_cwx/registry.npmjs.org/goo.gl/-/goo.gl-0.1.2.tgz
39 http GET https://registry.npmjs.org/goo.gl/-/goo.gl-0.1.2.tgz
40 http 200 https://registry.npmjs.org/goo.gl/-/goo.gl-0.1.2.tgz
41 silly lockFile 025acc2c-pmjs-org-goo-gl-goo-gl-0-1-2-tgz https://registry.npmjs.org/goo.gl/-/goo.gl-0.1.2.tgz
42 silly lockFile 025acc2c-pmjs-org-goo-gl-goo-gl-0-1-2-tgz https://registry.npmjs.org/goo.gl/-/goo.gl-0.1.2.tgz
43 silly lockFile 3c025ce4-goo-gl-0-1-2 goo.gl@0.1.2
44 silly lockFile 3c025ce4-goo-gl-0-1-2 goo.gl@0.1.2
45 silly lockFile f9d98681-goo-gl goo.gl@
46 silly lockFile f9d98681-goo-gl goo.gl@
47 silly resolved [ { author: { name: 'Kai Mallea', email: 'kmallea@gmail.com' },
47 silly resolved     name: 'goo.gl',
47 silly resolved     description: 'A url shortener and expander powered by Google\'s URL shortening service',
47 silly resolved     version: '0.1.2',
47 silly resolved     homepage: 'https://github.com/kaimallea/node-googl',
47 silly resolved     keywords:
47 silly resolved      [ 'google',
47 silly resolved        'googl',
47 silly resolved        'goo.gl',
47 silly resolved        'url',
47 silly resolved        'urls',
47 silly resolved        'short',
47 silly resolved        'shorten',
47 silly resolved        'shortener',
47 silly resolved        'expander' ],
47 silly resolved     repository:
47 silly resolved      { type: 'git',
47 silly resolved        url: 'git://github.com/kaimallea/node-googl.git' },
47 silly resolved     engines: { node: '>= v0.10.20' },
47 silly resolved     dependencies: { request: '~2.40.0', commander: '~2.2.0', q: '~1.0.1' },
47 silly resolved     main: 'lib/googl.js',
47 silly resolved     bin: { 'goo.gl': './cli.js' },
47 silly resolved     scripts: { test: 'mocha' },
47 silly resolved     devDependencies:
47 silly resolved      { mocha: '~1.18.2',
47 silly resolved        chai: '~1.9.1',
47 silly resolved        'chai-as-promised': '~4.1.1' },
47 silly resolved     gitHead: 'dd94bf139e8e0b360540261a50e65d8547d55738',
47 silly resolved     bugs: { url: 'https://github.com/kaimallea/node-googl/issues' },
47 silly resolved     _id: 'goo.gl@0.1.2',
47 silly resolved     _shasum: '8a9683ca0f6f8c56144dc026870e025b3c8eec1a',
47 silly resolved     _from: 'goo.gl@',
47 silly resolved     _npmVersion: '1.4.21',
47 silly resolved     _npmUser: { name: 'kai', email: 'kmallea@gmail.com' },
47 silly resolved     maintainers: [ [Object] ],
47 silly resolved     dist:
47 silly resolved      { shasum: '8a9683ca0f6f8c56144dc026870e025b3c8eec1a',
47 silly resolved        tarball: 'http://registry.npmjs.org/goo.gl/-/goo.gl-0.1.2.tgz' },
47 silly resolved     directories: {},
47 silly resolved     _resolved: 'https://registry.npmjs.org/goo.gl/-/goo.gl-0.1.2.tgz' } ]
48 info install goo.gl@0.1.2 into /usr/lib
49 info installOne goo.gl@0.1.2
50 verbose lib/node_modules/goo.gl unbuild
51 verbose tar unpack /home/richard/.npm/goo.gl/0.1.2/package.tgz
52 silly lockFile 4284876d-tar-usr-lib-node-modules-goo-gl tar:///usr/lib/node_modules/goo.gl
53 verbose lock tar:///usr/lib/node_modules/goo.gl /home/richard/.npm/4284876d-tar-usr-lib-node-modules-goo-gl.lock
54 silly lockFile 00d03c8f-ard-npm-goo-gl-0-1-2-package-tgz tar:///home/richard/.npm/goo.gl/0.1.2/package.tgz
55 verbose lock tar:///home/richard/.npm/goo.gl/0.1.2/package.tgz /home/richard/.npm/00d03c8f-ard-npm-goo-gl-0-1-2-package-tgz.lock
56 silly gunzTarPerm modes [ '775', '664' ]
57 error Error: EACCES, mkdir '/usr/lib/node_modules/goo.gl'
57 error  { [Error: EACCES, mkdir '/usr/lib/node_modules/goo.gl']
57 error   errno: 3,
57 error   code: 'EACCES',
57 error   path: '/usr/lib/node_modules/goo.gl',
57 error   fstream_type: 'Directory',
57 error   fstream_path: '/usr/lib/node_modules/goo.gl',
57 error   fstream_class: 'DirWriter',
57 error   fstream_stack:
57 error    [ '/usr/lib/node_modules/npm/node_modules/fstream/lib/dir-writer.js:36:23',
57 error      '/usr/lib/node_modules/npm/node_modules/mkdirp/index.js:46:53',
57 error      'Object.oncomplete (fs.js:107:15)' ] }
58 error Please try running this command again as root/Administrator.
59 error System Linux 3.13.0-37-generic
60 error command "/usr/bin/node" "/usr/bin/npm" "install" "-g" "goo.gl"
61 error cwd /home/richard/Projects/nodetest02
62 error node -v v0.10.32
63 error npm -v 1.4.28
64 error path /usr/lib/node_modules/goo.gl
65 error fstream_path /usr/lib/node_modules/goo.gl
66 error fstream_type Directory
67 error fstream_class DirWriter
68 error code EACCES
69 error errno 3
70 error stack Error: EACCES, mkdir '/usr/lib/node_modules/goo.gl'
71 error fstream_stack /usr/lib/node_modules/npm/node_modules/fstream/lib/dir-writer.js:36:23
71 error fstream_stack /usr/lib/node_modules/npm/node_modules/mkdirp/index.js:46:53
71 error fstream_stack Object.oncomplete (fs.js:107:15)
72 verbose exit [ 3, true ]
